<?xml version="1.0" encoding="UTF-8"?>
<!-- Generated by org.testng.reporters.JUnitXMLReporter -->
<testsuite hostname="Jawahar-Reddy" ignored="0" name="saucedemo" tests="3" failures="1" timestamp="2021-07-26T13:05:08 IST" time="14.252" errors="0">
  <testcase name="Fn_SauceDemoURL" time="9.247" classname="saucedemo.LoginTest"/>
  <testcase name="Fn_Login_Validation" time="3.344" classname="saucedemo.LoginTest"/>
  <testcase name="Fn_Products_Validation_Adding" time="0.001" classname="saucedemo.ProductTest">
    <failure type="java.lang.NullPointerException">
      <![CDATA[java.lang.NullPointerException
at SaucedemoObjects.ProductsObjects.Fn_Product_Name(ProductsObjects.java:32)
at saucedemo.ProductTest.Fn_Products_Validation_Adding(ProductTest.java:36)
at java.util.ArrayList.forEach(Unknown Source)
... Removed 27 stack frames]]>
    </failure>
  </testcase> <!-- Fn_Products_Validation_Adding -->
</testsuite> <!-- saucedemo -->
