<?xml version="1.0" encoding="UTF-8"?>
<!-- Generated by org.testng.reporters.JUnitXMLReporter -->
<testsuite hostname="Jawahar-Reddy" ignored="0" name="Test" tests="4" failures="0" timestamp="2021-07-25T21:45:24 IST" time="30.492" errors="0">
  <testcase name="@BeforeTest Fn_SauceDemoURL" time="28.621" classname="saucedemo.LoginTest">
    <failure type="java.lang.NullPointerException">
      <![CDATA[java.lang.NullPointerException
at SaucedemoObjects.LoginObjects.Fn_Email(LoginObjects.java:21)
at saucedemo.LoginTest.Fn_SauceDemoURL(LoginTest.java:34)
... Removed 24 stack frames]]>
    </failure>
  </testcase> <!-- @BeforeTest Fn_SauceDemoURL -->
  <testcase name="Fn_Login_Validation" time="0.0" classname="saucedemo.LoginTest">
    <skipped/>
  </testcase> <!-- Fn_Login_Validation -->
  <testcase name="Fn_Products_Validation_Adding" time="0.0" classname="saucedemo.ProductTest">
    <skipped/>
  </testcase> <!-- Fn_Products_Validation_Adding -->
  <testcase name="navApplication" time="0.0" classname="Automation.HomePage">
    <skipped/>
  </testcase> <!-- navApplication -->
  <testcase name="navApplication" time="0.0" classname="Automation.HomePage">
    <skipped/>
  </testcase> <!-- navApplication -->
</testsuite> <!-- Test -->
