<?xml version="1.0" encoding="UTF-8"?>
<!-- Generated by org.testng.reporters.JUnitXMLReporter -->
<testsuite hostname="Jawahar-Reddy" ignored="0" name="saucedemo" tests="3" failures="0" timestamp="2021-07-27T02:39:52 IST" time="106.864" errors="0">
  <testcase name="Fn_SauceDemoURL" time="95.691" classname="saucedemo.LoginTest"/>
  <testcase name="Fn_Login_Validation" time="4.813" classname="saucedemo.LoginTest"/>
  <testcase name="Fn_Products_Validation_Adding" time="0.907" classname="saucedemo.LoginTest"/>
</testsuite> <!-- saucedemo -->
